mode: set
github.com/Yessentemir256/wallet/main.go:8.13,11.16 3 0
github.com/Yessentemir256/wallet/main.go:11.16,14.3 2 0
github.com/Yessentemir256/wallet/main.go:16.2,17.16 2 0
github.com/Yessentemir256/wallet/main.go:17.16,18.14 1 0
github.com/Yessentemir256/wallet/main.go:19.39,20.78 1 0
github.com/Yessentemir256/wallet/main.go:21.34,22.76 1 0
github.com/Yessentemir256/wallet/main.go:24.3,24.9 1 0
github.com/Yessentemir256/wallet/main.go:27.2,27.30 1 0
github.com/Yessentemir256/wallet/pkg/wallet/service.go:23.78,24.37 1 1
github.com/Yessentemir256/wallet/pkg/wallet/service.go:24.37,25.29 1 0
github.com/Yessentemir256/wallet/pkg/wallet/service.go:25.29,27.4 1 0
github.com/Yessentemir256/wallet/pkg/wallet/service.go:29.2,37.21 4 1
github.com/Yessentemir256/wallet/pkg/wallet/service.go:41.70,42.17 1 1
github.com/Yessentemir256/wallet/pkg/wallet/service.go:42.17,44.3 1 0
github.com/Yessentemir256/wallet/pkg/wallet/service.go:46.2,47.33 2 1
github.com/Yessentemir256/wallet/pkg/wallet/service.go:47.33,48.26 1 1
github.com/Yessentemir256/wallet/pkg/wallet/service.go:48.26,50.9 2 1
github.com/Yessentemir256/wallet/pkg/wallet/service.go:54.2,54.20 1 1
github.com/Yessentemir256/wallet/pkg/wallet/service.go:54.20,56.3 1 0
github.com/Yessentemir256/wallet/pkg/wallet/service.go:59.2,60.12 2 1
github.com/Yessentemir256/wallet/pkg/wallet/service.go:63.116,64.17 1 1
github.com/Yessentemir256/wallet/pkg/wallet/service.go:64.17,66.3 1 0
github.com/Yessentemir256/wallet/pkg/wallet/service.go:68.2,69.33 2 1
github.com/Yessentemir256/wallet/pkg/wallet/service.go:69.33,70.26 1 1
github.com/Yessentemir256/wallet/pkg/wallet/service.go:70.26,72.9 2 1
github.com/Yessentemir256/wallet/pkg/wallet/service.go:75.2,75.20 1 1
github.com/Yessentemir256/wallet/pkg/wallet/service.go:75.20,77.3 1 0
github.com/Yessentemir256/wallet/pkg/wallet/service.go:79.2,79.30 1 1
github.com/Yessentemir256/wallet/pkg/wallet/service.go:79.30,81.3 1 0
github.com/Yessentemir256/wallet/pkg/wallet/service.go:83.2,93.21 5 1
github.com/Yessentemir256/wallet/pkg/wallet/service.go:96.76,99.33 2 1
github.com/Yessentemir256/wallet/pkg/wallet/service.go:99.33,100.26 1 1
github.com/Yessentemir256/wallet/pkg/wallet/service.go:100.26,103.4 2 1
github.com/Yessentemir256/wallet/pkg/wallet/service.go:106.2,106.32 1 1
github.com/Yessentemir256/wallet/pkg/wallet/service.go:110.77,112.37 1 1
github.com/Yessentemir256/wallet/pkg/wallet/service.go:112.37,113.30 1 1
github.com/Yessentemir256/wallet/pkg/wallet/service.go:113.30,115.4 1 1
github.com/Yessentemir256/wallet/pkg/wallet/service.go:118.2,118.32 1 1
github.com/Yessentemir256/wallet/pkg/wallet/service.go:122.86,124.39 1 1
github.com/Yessentemir256/wallet/pkg/wallet/service.go:124.39,125.31 1 1
github.com/Yessentemir256/wallet/pkg/wallet/service.go:125.31,127.4 1 1
github.com/Yessentemir256/wallet/pkg/wallet/service.go:130.2,130.32 1 0
github.com/Yessentemir256/wallet/pkg/wallet/service.go:134.50,136.16 2 1
github.com/Yessentemir256/wallet/pkg/wallet/service.go:136.16,138.3 1 0
github.com/Yessentemir256/wallet/pkg/wallet/service.go:139.2,140.16 2 1
github.com/Yessentemir256/wallet/pkg/wallet/service.go:140.16,142.3 1 0
github.com/Yessentemir256/wallet/pkg/wallet/service.go:144.2,146.12 3 1
github.com/Yessentemir256/wallet/pkg/wallet/service.go:150.68,152.16 2 1
github.com/Yessentemir256/wallet/pkg/wallet/service.go:152.16,154.3 1 0
github.com/Yessentemir256/wallet/pkg/wallet/service.go:156.2,157.16 2 1
github.com/Yessentemir256/wallet/pkg/wallet/service.go:157.16,159.3 1 0
github.com/Yessentemir256/wallet/pkg/wallet/service.go:161.2,161.22 1 1
github.com/Yessentemir256/wallet/pkg/wallet/service.go:166.91,169.16 2 1
github.com/Yessentemir256/wallet/pkg/wallet/service.go:169.16,171.3 1 0
github.com/Yessentemir256/wallet/pkg/wallet/service.go:174.2,175.16 2 1
github.com/Yessentemir256/wallet/pkg/wallet/service.go:175.16,177.3 1 0
github.com/Yessentemir256/wallet/pkg/wallet/service.go:179.2,188.22 3 1
github.com/Yessentemir256/wallet/pkg/wallet/service.go:193.78,195.16 2 1
github.com/Yessentemir256/wallet/pkg/wallet/service.go:195.16,197.3 1 0
github.com/Yessentemir256/wallet/pkg/wallet/service.go:199.2,200.16 2 1
github.com/Yessentemir256/wallet/pkg/wallet/service.go:200.16,202.3 1 0
github.com/Yessentemir256/wallet/pkg/wallet/service.go:204.2,204.22 1 1
