mode: set
github.com/Yessentemir256/wallet/main.go:8.13,11.16 3 0
github.com/Yessentemir256/wallet/main.go:11.16,14.3 2 0
github.com/Yessentemir256/wallet/main.go:16.2,17.16 2 0
github.com/Yessentemir256/wallet/main.go:17.16,18.14 1 0
github.com/Yessentemir256/wallet/main.go:19.39,20.78 1 0
github.com/Yessentemir256/wallet/main.go:21.34,22.76 1 0
github.com/Yessentemir256/wallet/main.go:24.3,24.9 1 0
github.com/Yessentemir256/wallet/main.go:27.2,27.30 1 0
github.com/Yessentemir256/wallet/pkg/wallet/service.go:22.78,23.37 1 1
github.com/Yessentemir256/wallet/pkg/wallet/service.go:23.37,24.29 1 0
github.com/Yessentemir256/wallet/pkg/wallet/service.go:24.29,26.4 1 0
github.com/Yessentemir256/wallet/pkg/wallet/service.go:28.2,36.21 4 1
github.com/Yessentemir256/wallet/pkg/wallet/service.go:40.70,41.17 1 1
github.com/Yessentemir256/wallet/pkg/wallet/service.go:41.17,43.3 1 0
github.com/Yessentemir256/wallet/pkg/wallet/service.go:45.2,46.33 2 1
github.com/Yessentemir256/wallet/pkg/wallet/service.go:46.33,47.26 1 1
github.com/Yessentemir256/wallet/pkg/wallet/service.go:47.26,49.9 2 1
github.com/Yessentemir256/wallet/pkg/wallet/service.go:53.2,53.20 1 1
github.com/Yessentemir256/wallet/pkg/wallet/service.go:53.20,55.3 1 0
github.com/Yessentemir256/wallet/pkg/wallet/service.go:58.2,59.12 2 1
github.com/Yessentemir256/wallet/pkg/wallet/service.go:62.116,63.17 1 1
github.com/Yessentemir256/wallet/pkg/wallet/service.go:63.17,65.3 1 0
github.com/Yessentemir256/wallet/pkg/wallet/service.go:67.2,68.33 2 1
github.com/Yessentemir256/wallet/pkg/wallet/service.go:68.33,69.26 1 1
github.com/Yessentemir256/wallet/pkg/wallet/service.go:69.26,71.9 2 1
github.com/Yessentemir256/wallet/pkg/wallet/service.go:74.2,74.20 1 1
github.com/Yessentemir256/wallet/pkg/wallet/service.go:74.20,76.3 1 0
github.com/Yessentemir256/wallet/pkg/wallet/service.go:78.2,78.30 1 1
github.com/Yessentemir256/wallet/pkg/wallet/service.go:78.30,80.3 1 0
github.com/Yessentemir256/wallet/pkg/wallet/service.go:82.2,92.21 5 1
github.com/Yessentemir256/wallet/pkg/wallet/service.go:95.76,98.33 2 1
github.com/Yessentemir256/wallet/pkg/wallet/service.go:98.33,99.26 1 1
github.com/Yessentemir256/wallet/pkg/wallet/service.go:99.26,102.4 2 1
github.com/Yessentemir256/wallet/pkg/wallet/service.go:105.2,105.32 1 1
github.com/Yessentemir256/wallet/pkg/wallet/service.go:109.77,111.37 1 1
github.com/Yessentemir256/wallet/pkg/wallet/service.go:111.37,112.30 1 1
github.com/Yessentemir256/wallet/pkg/wallet/service.go:112.30,114.4 1 1
github.com/Yessentemir256/wallet/pkg/wallet/service.go:117.2,117.32 1 1
github.com/Yessentemir256/wallet/pkg/wallet/service.go:121.50,123.16 2 1
github.com/Yessentemir256/wallet/pkg/wallet/service.go:123.16,125.3 1 0
github.com/Yessentemir256/wallet/pkg/wallet/service.go:126.2,127.16 2 1
github.com/Yessentemir256/wallet/pkg/wallet/service.go:127.16,129.3 1 0
github.com/Yessentemir256/wallet/pkg/wallet/service.go:131.2,133.12 3 1
github.com/Yessentemir256/wallet/pkg/wallet/service.go:137.68,139.16 2 1
github.com/Yessentemir256/wallet/pkg/wallet/service.go:139.16,141.3 1 0
github.com/Yessentemir256/wallet/pkg/wallet/service.go:143.2,144.16 2 1
github.com/Yessentemir256/wallet/pkg/wallet/service.go:144.16,146.3 1 0
github.com/Yessentemir256/wallet/pkg/wallet/service.go:148.2,148.22 1 1
